<?xml version="1.0" encoding="UTF-8"?>
<testsuite xmlns:xsi="http://www.w3.org/2001/XMLSchema-instance" xsi:noNamespaceSchemaLocation="https://maven.apache.org/surefire/maven-surefire-plugin/xsd/surefire-test-report-3.0.xsd" version="3.0" name="TestSuite" time="18.904" tests="1" errors="0" skipped="0" failures="1">
  <properties>
    <property name="gopherProxySet" value="false"/>
    <property name="awt.toolkit" value="sun.lwawt.macosx.LWCToolkit"/>
    <property name="java.specification.version" value="11"/>
    <property name="webdriver.chrome.driver" value="../Generic/BrowserDriver/mac/chromedriver"/>
    <property name="sun.cpu.isalist" value=""/>
    <property name="sun.jnu.encoding" value="UTF-8"/>
    <property name="java.class.path" value="/Users/hakimbouaraba/IdeaProjects/AutomationFramework_Team4/Amazon/target/test-classes:/Users/hakimbouaraba/IdeaProjects/AutomationFramework_Team4/Amazon/target/classes:/Users/hakimbouaraba/IdeaProjects/AutomationFramework_Team4/Generic/target/Generic-1.0-SNAPSHOT.jar:/Users/hakimbouaraba/.m2/repository/org/seleniumhq/selenium/selenium-java/3.141.59/selenium-java-3.141.59.jar:/Users/hakimbouaraba/.m2/repository/org/seleniumhq/selenium/selenium-api/3.141.59/selenium-api-3.141.59.jar:/Users/hakimbouaraba/.m2/repository/org/seleniumhq/selenium/selenium-chrome-driver/3.141.59/selenium-chrome-driver-3.141.59.jar:/Users/hakimbouaraba/.m2/repository/org/seleniumhq/selenium/selenium-edge-driver/3.141.59/selenium-edge-driver-3.141.59.jar:/Users/hakimbouaraba/.m2/repository/org/seleniumhq/selenium/selenium-firefox-driver/3.141.59/selenium-firefox-driver-3.141.59.jar:/Users/hakimbouaraba/.m2/repository/org/seleniumhq/selenium/selenium-ie-driver/3.141.59/selenium-ie-driver-3.141.59.jar:/Users/hakimbouaraba/.m2/repository/org/seleniumhq/selenium/selenium-opera-driver/3.141.59/selenium-opera-driver-3.141.59.jar:/Users/hakimbouaraba/.m2/repository/org/seleniumhq/selenium/selenium-remote-driver/3.141.59/selenium-remote-driver-3.141.59.jar:/Users/hakimbouaraba/.m2/repository/org/seleniumhq/selenium/selenium-safari-driver/3.141.59/selenium-safari-driver-3.141.59.jar:/Users/hakimbouaraba/.m2/repository/org/seleniumhq/selenium/selenium-support/3.141.59/selenium-support-3.141.59.jar:/Users/hakimbouaraba/.m2/repository/net/bytebuddy/byte-buddy/1.8.15/byte-buddy-1.8.15.jar:/Users/hakimbouaraba/.m2/repository/org/apache/commons/commons-exec/1.3/commons-exec-1.3.jar:/Users/hakimbouaraba/.m2/repository/com/google/guava/guava/25.0-jre/guava-25.0-jre.jar:/Users/hakimbouaraba/.m2/repository/com/google/code/findbugs/jsr305/1.3.9/jsr305-1.3.9.jar:/Users/hakimbouaraba/.m2/repository/org/checkerframework/checker-compat-qual/2.0.0/checker-compat-qual-2.0.0.jar:/Users/hakimbouaraba/.m2/repository/com/google/errorprone/error_prone_annotations/2.1.3/error_prone_annotations-2.1.3.jar:/Users/hakimbouaraba/.m2/repository/com/google/j2objc/j2objc-annotations/1.1/j2objc-annotations-1.1.jar:/Users/hakimbouaraba/.m2/repository/org/codehaus/mojo/animal-sniffer-annotations/1.14/animal-sniffer-annotations-1.14.jar:/Users/hakimbouaraba/.m2/repository/com/squareup/okhttp3/okhttp/3.11.0/okhttp-3.11.0.jar:/Users/hakimbouaraba/.m2/repository/com/squareup/okio/okio/1.14.0/okio-1.14.0.jar:/Users/hakimbouaraba/.m2/repository/org/seleniumhq/selenium/selenium-server/3.141.59/selenium-server-3.141.59.jar:/Users/hakimbouaraba/.m2/repository/com/beust/jcommander/1.72/jcommander-1.72.jar:/Users/hakimbouaraba/.m2/repository/net/jcip/jcip-annotations/1.0/jcip-annotations-1.0.jar:/Users/hakimbouaraba/.m2/repository/org/seleniumhq/selenium/jetty-repacked/9.4.12.v20180830/jetty-repacked-9.4.12.v20180830.jar:/Users/hakimbouaraba/.m2/repository/javax/servlet/javax.servlet-api/3.1.0/javax.servlet-api-3.1.0.jar:/Users/hakimbouaraba/.m2/repository/org/yaml/snakeyaml/1.19/snakeyaml-1.19.jar:/Users/hakimbouaraba/.m2/repository/org/testng/testng/7.1.0/testng-7.1.0.jar:/Users/hakimbouaraba/.m2/repository/com/google/inject/guice/4.1.0/guice-4.1.0-no_aop.jar:/Users/hakimbouaraba/.m2/repository/javax/inject/javax.inject/1/javax.inject-1.jar:/Users/hakimbouaraba/.m2/repository/aopalliance/aopalliance/1.0/aopalliance-1.0.jar:/Users/hakimbouaraba/.m2/repository/org/mongodb/mongo-java-driver/3.12.4/mongo-java-driver-3.12.4.jar:/Users/hakimbouaraba/.m2/repository/mysql/mysql-connector-java/8.0.20/mysql-connector-java-8.0.20.jar:/Users/hakimbouaraba/.m2/repository/com/google/protobuf/protobuf-java/3.6.1/protobuf-java-3.6.1.jar:/Users/hakimbouaraba/.m2/repository/org/apache/poi/poi/3.17/poi-3.17.jar:/Users/hakimbouaraba/.m2/repository/commons-codec/commons-codec/1.10/commons-codec-1.10.jar:/Users/hakimbouaraba/.m2/repository/org/apache/commons/commons-collections4/4.1/commons-collections4-4.1.jar:/Users/hakimbouaraba/.m2/repository/org/apache/poi/poi-ooxml/3.17/poi-ooxml-3.17.jar:/Users/hakimbouaraba/.m2/repository/org/apache/poi/poi-ooxml-schemas/3.17/poi-ooxml-schemas-3.17.jar:/Users/hakimbouaraba/.m2/repository/org/apache/xmlbeans/xmlbeans/2.6.0/xmlbeans-2.6.0.jar:/Users/hakimbouaraba/.m2/repository/stax/stax-api/1.0.1/stax-api-1.0.1.jar:/Users/hakimbouaraba/.m2/repository/com/github/virtuald/curvesapi/1.04/curvesapi-1.04.jar:/Users/hakimbouaraba/.m2/repository/com/aventstack/extentreports/4.1.5/extentreports-4.1.5.jar:/Users/hakimbouaraba/.m2/repository/org/freemarker/freemarker/2.3.29/freemarker-2.3.29.jar:/Users/hakimbouaraba/.m2/repository/org/apache/httpcomponents/httpclient/4.5.2/httpclient-4.5.2.jar:/Users/hakimbouaraba/.m2/repository/org/apache/httpcomponents/httpcore/4.4.4/httpcore-4.4.4.jar:/Users/hakimbouaraba/.m2/repository/commons-logging/commons-logging/1.2/commons-logging-1.2.jar:/Users/hakimbouaraba/.m2/repository/org/apache/httpcomponents/httpmime/4.5.2/httpmime-4.5.2.jar:/Users/hakimbouaraba/.m2/repository/com/google/code/gson/gson/2.8.6/gson-2.8.6.jar:/Users/hakimbouaraba/.m2/repository/org/mongodb/mongodb-driver/3.12.0/mongodb-driver-3.12.0.jar:/Users/hakimbouaraba/.m2/repository/org/mongodb/mongodb-driver-core/3.12.0/mongodb-driver-core-3.12.0.jar:/Users/hakimbouaraba/.m2/repository/org/mongodb/bson/3.12.0/bson-3.12.0.jar:/Users/hakimbouaraba/.m2/repository/com/relevantcodes/extentreports/2.41.2/extentreports-2.41.2.jar:/Users/hakimbouaraba/.m2/repository/org/jsoup/jsoup/1.8.3/jsoup-1.8.3.jar:/Users/hakimbouaraba/.m2/repository/org/xerial/sqlite-jdbc/3.8.11.1/sqlite-jdbc-3.8.11.1.jar:/Users/hakimbouaraba/.m2/repository/org/apache/commons/commons-lang3/3.10/commons-lang3-3.10.jar:/Users/hakimbouaraba/.m2/repository/commons-io/commons-io/2.7/commons-io-2.7.jar:"/>
    <property name="java.vm.vendor" value="Oracle Corporation"/>
    <property name="sun.arch.data.model" value="64"/>
    <property name="java.vendor.url" value="http://java.oracle.com/"/>
    <property name="user.timezone" value="America/New_York"/>
    <property name="java.vm.specification.version" value="11"/>
    <property name="os.name" value="Mac OS X"/>
    <property name="sun.java.launcher" value="SUN_STANDARD"/>
    <property name="user.country" value="US"/>
    <property name="sun.boot.library.path" value="/Library/Java/JavaVirtualMachines/jdk-11.0.6.jdk/Contents/Home/lib"/>
    <property name="sun.java.command" value="/Users/hakimbouaraba/IdeaProjects/AutomationFramework_Team4/Amazon/target/surefire/surefirebooter18170965171762166877.jar /Users/hakimbouaraba/IdeaProjects/AutomationFramework_Team4/Amazon/target/surefire 2020-06-06T17-49-03_725-jvmRun1 surefire16896271007095534188tmp surefire_17445671607581953536tmp"/>
    <property name="http.nonProxyHosts" value="local|*.local|169.254/16|*.169.254/16"/>
    <property name="jdk.debug" value="release"/>
    <property name="surefire.test.class.path" value="/Users/hakimbouaraba/IdeaProjects/AutomationFramework_Team4/Amazon/target/test-classes:/Users/hakimbouaraba/IdeaProjects/AutomationFramework_Team4/Amazon/target/classes:/Users/hakimbouaraba/IdeaProjects/AutomationFramework_Team4/Generic/target/Generic-1.0-SNAPSHOT.jar:/Users/hakimbouaraba/.m2/repository/org/seleniumhq/selenium/selenium-java/3.141.59/selenium-java-3.141.59.jar:/Users/hakimbouaraba/.m2/repository/org/seleniumhq/selenium/selenium-api/3.141.59/selenium-api-3.141.59.jar:/Users/hakimbouaraba/.m2/repository/org/seleniumhq/selenium/selenium-chrome-driver/3.141.59/selenium-chrome-driver-3.141.59.jar:/Users/hakimbouaraba/.m2/repository/org/seleniumhq/selenium/selenium-edge-driver/3.141.59/selenium-edge-driver-3.141.59.jar:/Users/hakimbouaraba/.m2/repository/org/seleniumhq/selenium/selenium-firefox-driver/3.141.59/selenium-firefox-driver-3.141.59.jar:/Users/hakimbouaraba/.m2/repository/org/seleniumhq/selenium/selenium-ie-driver/3.141.59/selenium-ie-driver-3.141.59.jar:/Users/hakimbouaraba/.m2/repository/org/seleniumhq/selenium/selenium-opera-driver/3.141.59/selenium-opera-driver-3.141.59.jar:/Users/hakimbouaraba/.m2/repository/org/seleniumhq/selenium/selenium-remote-driver/3.141.59/selenium-remote-driver-3.141.59.jar:/Users/hakimbouaraba/.m2/repository/org/seleniumhq/selenium/selenium-safari-driver/3.141.59/selenium-safari-driver-3.141.59.jar:/Users/hakimbouaraba/.m2/repository/org/seleniumhq/selenium/selenium-support/3.141.59/selenium-support-3.141.59.jar:/Users/hakimbouaraba/.m2/repository/net/bytebuddy/byte-buddy/1.8.15/byte-buddy-1.8.15.jar:/Users/hakimbouaraba/.m2/repository/org/apache/commons/commons-exec/1.3/commons-exec-1.3.jar:/Users/hakimbouaraba/.m2/repository/com/google/guava/guava/25.0-jre/guava-25.0-jre.jar:/Users/hakimbouaraba/.m2/repository/com/google/code/findbugs/jsr305/1.3.9/jsr305-1.3.9.jar:/Users/hakimbouaraba/.m2/repository/org/checkerframework/checker-compat-qual/2.0.0/checker-compat-qual-2.0.0.jar:/Users/hakimbouaraba/.m2/repository/com/google/errorprone/error_prone_annotations/2.1.3/error_prone_annotations-2.1.3.jar:/Users/hakimbouaraba/.m2/repository/com/google/j2objc/j2objc-annotations/1.1/j2objc-annotations-1.1.jar:/Users/hakimbouaraba/.m2/repository/org/codehaus/mojo/animal-sniffer-annotations/1.14/animal-sniffer-annotations-1.14.jar:/Users/hakimbouaraba/.m2/repository/com/squareup/okhttp3/okhttp/3.11.0/okhttp-3.11.0.jar:/Users/hakimbouaraba/.m2/repository/com/squareup/okio/okio/1.14.0/okio-1.14.0.jar:/Users/hakimbouaraba/.m2/repository/org/seleniumhq/selenium/selenium-server/3.141.59/selenium-server-3.141.59.jar:/Users/hakimbouaraba/.m2/repository/com/beust/jcommander/1.72/jcommander-1.72.jar:/Users/hakimbouaraba/.m2/repository/net/jcip/jcip-annotations/1.0/jcip-annotations-1.0.jar:/Users/hakimbouaraba/.m2/repository/org/seleniumhq/selenium/jetty-repacked/9.4.12.v20180830/jetty-repacked-9.4.12.v20180830.jar:/Users/hakimbouaraba/.m2/repository/javax/servlet/javax.servlet-api/3.1.0/javax.servlet-api-3.1.0.jar:/Users/hakimbouaraba/.m2/repository/org/yaml/snakeyaml/1.19/snakeyaml-1.19.jar:/Users/hakimbouaraba/.m2/repository/org/testng/testng/7.1.0/testng-7.1.0.jar:/Users/hakimbouaraba/.m2/repository/com/google/inject/guice/4.1.0/guice-4.1.0-no_aop.jar:/Users/hakimbouaraba/.m2/repository/javax/inject/javax.inject/1/javax.inject-1.jar:/Users/hakimbouaraba/.m2/repository/aopalliance/aopalliance/1.0/aopalliance-1.0.jar:/Users/hakimbouaraba/.m2/repository/org/mongodb/mongo-java-driver/3.12.4/mongo-java-driver-3.12.4.jar:/Users/hakimbouaraba/.m2/repository/mysql/mysql-connector-java/8.0.20/mysql-connector-java-8.0.20.jar:/Users/hakimbouaraba/.m2/repository/com/google/protobuf/protobuf-java/3.6.1/protobuf-java-3.6.1.jar:/Users/hakimbouaraba/.m2/repository/org/apache/poi/poi/3.17/poi-3.17.jar:/Users/hakimbouaraba/.m2/repository/commons-codec/commons-codec/1.10/commons-codec-1.10.jar:/Users/hakimbouaraba/.m2/repository/org/apache/commons/commons-collections4/4.1/commons-collections4-4.1.jar:/Users/hakimbouaraba/.m2/repository/org/apache/poi/poi-ooxml/3.17/poi-ooxml-3.17.jar:/Users/hakimbouaraba/.m2/repository/org/apache/poi/poi-ooxml-schemas/3.17/poi-ooxml-schemas-3.17.jar:/Users/hakimbouaraba/.m2/repository/org/apache/xmlbeans/xmlbeans/2.6.0/xmlbeans-2.6.0.jar:/Users/hakimbouaraba/.m2/repository/stax/stax-api/1.0.1/stax-api-1.0.1.jar:/Users/hakimbouaraba/.m2/repository/com/github/virtuald/curvesapi/1.04/curvesapi-1.04.jar:/Users/hakimbouaraba/.m2/repository/com/aventstack/extentreports/4.1.5/extentreports-4.1.5.jar:/Users/hakimbouaraba/.m2/repository/org/freemarker/freemarker/2.3.29/freemarker-2.3.29.jar:/Users/hakimbouaraba/.m2/repository/org/apache/httpcomponents/httpclient/4.5.2/httpclient-4.5.2.jar:/Users/hakimbouaraba/.m2/repository/org/apache/httpcomponents/httpcore/4.4.4/httpcore-4.4.4.jar:/Users/hakimbouaraba/.m2/repository/commons-logging/commons-logging/1.2/commons-logging-1.2.jar:/Users/hakimbouaraba/.m2/repository/org/apache/httpcomponents/httpmime/4.5.2/httpmime-4.5.2.jar:/Users/hakimbouaraba/.m2/repository/com/google/code/gson/gson/2.8.6/gson-2.8.6.jar:/Users/hakimbouaraba/.m2/repository/org/mongodb/mongodb-driver/3.12.0/mongodb-driver-3.12.0.jar:/Users/hakimbouaraba/.m2/repository/org/mongodb/mongodb-driver-core/3.12.0/mongodb-driver-core-3.12.0.jar:/Users/hakimbouaraba/.m2/repository/org/mongodb/bson/3.12.0/bson-3.12.0.jar:/Users/hakimbouaraba/.m2/repository/com/relevantcodes/extentreports/2.41.2/extentreports-2.41.2.jar:/Users/hakimbouaraba/.m2/repository/org/jsoup/jsoup/1.8.3/jsoup-1.8.3.jar:/Users/hakimbouaraba/.m2/repository/org/xerial/sqlite-jdbc/3.8.11.1/sqlite-jdbc-3.8.11.1.jar:/Users/hakimbouaraba/.m2/repository/org/apache/commons/commons-lang3/3.10/commons-lang3-3.10.jar:/Users/hakimbouaraba/.m2/repository/commons-io/commons-io/2.7/commons-io-2.7.jar:"/>
    <property name="sun.cpu.endian" value="little"/>
    <property name="user.home" value="/Users/hakimbouaraba"/>
    <property name="user.language" value="en"/>
    <property name="java.specification.vendor" value="Oracle Corporation"/>
    <property name="java.version.date" value="2020-01-14"/>
    <property name="java.home" value="/Library/Java/JavaVirtualMachines/jdk-11.0.6.jdk/Contents/Home"/>
    <property name="file.separator" value="/"/>
    <property name="basedir" value="/Users/hakimbouaraba/IdeaProjects/AutomationFramework_Team4/Amazon"/>
    <property name="java.vm.compressedOopsMode" value="Zero based"/>
    <property name="line.separator" value="&#10;"/>
    <property name="java.specification.name" value="Java Platform API Specification"/>
    <property name="java.vm.specification.vendor" value="Oracle Corporation"/>
    <property name="java.awt.graphicsenv" value="sun.awt.CGraphicsEnvironment"/>
    <property name="surefire.real.class.path" value="/Users/hakimbouaraba/IdeaProjects/AutomationFramework_Team4/Amazon/target/surefire/surefirebooter18170965171762166877.jar"/>
    <property name="sun.management.compiler" value="HotSpot 64-Bit Tiered Compilers"/>
    <property name="ftp.nonProxyHosts" value="local|*.local|169.254/16|*.169.254/16"/>
    <property name="java.runtime.version" value="11.0.6+8-LTS"/>
    <property name="user.name" value="hakimbouaraba"/>
    <property name="path.separator" value=":"/>
    <property name="os.version" value="10.15.2"/>
    <property name="current.date" value="Sat_Jun_06_17_49_26_EDT_2020"/>
    <property name="java.runtime.name" value="Java(TM) SE Runtime Environment"/>
    <property name="file.encoding" value="UTF-8"/>
    <property name="java.vm.name" value="Java HotSpot(TM) 64-Bit Server VM"/>
    <property name="idea.version2020.1" value="true"/>
    <property name="java.vendor.version" value="18.9"/>
    <property name="localRepository" value="/Users/hakimbouaraba/.m2/repository"/>
    <property name="java.vendor.url.bug" value="http://bugreport.java.com/bugreport/"/>
    <property name="java.io.tmpdir" value="/var/folders/vr/1c_rt64j2rsfthzj_p3mh39m0000gn/T/"/>
    <property name="java.version" value="11.0.6"/>
    <property name="user.dir" value="/Users/hakimbouaraba/IdeaProjects/AutomationFramework_Team4/Amazon"/>
    <property name="os.arch" value="x86_64"/>
    <property name="java.vm.specification.name" value="Java Virtual Machine Specification"/>
    <property name="java.awt.printerjob" value="sun.lwawt.macosx.CPrinterJob"/>
    <property name="sun.os.patch.level" value="unknown"/>
    <property name="java.library.path" value="/Users/hakimbouaraba/Library/Java/Extensions:/Library/Java/Extensions:/Network/Library/Java/Extensions:/System/Library/Java/Extensions:/usr/lib/java:."/>
    <property name="java.vendor" value="Oracle Corporation"/>
    <property name="java.vm.info" value="mixed mode"/>
    <property name="java.vm.version" value="11.0.6+8-LTS"/>
    <property name="sun.io.unicode.encoding" value="UnicodeBig"/>
    <property name="java.class.version" value="55.0"/>
    <property name="socksNonProxyHosts" value="local|*.local|169.254/16|*.169.254/16"/>
  </properties>
  <testcase name="searchField" classname="testHome.TestHomePage" time="13.939">
    <failure message="no such element: Unable to locate element: {&quot;method&quot;:&quot;css selector&quot;,&quot;selector&quot;:&quot;#twotabsearchtextbox&quot;}&#10;  (Session info: chrome=83.0.4103.61)&#10;For documentation on this error, please visit: https://www.seleniumhq.org/exceptions/no_such_element.html&#10;Build info: version: &apos;3.141.59&apos;, revision: &apos;e82be7d358&apos;, time: &apos;2018-11-14T08:17:03&apos;&#10;System info: host: &apos;hakims-MBP.home&apos;, ip: &apos;fd4b:8d38:69ba:1:e4d6:cc3e:335f:1329%en0&apos;, os.name: &apos;Mac OS X&apos;, os.arch: &apos;x86_64&apos;, os.version: &apos;10.15.2&apos;, java.version: &apos;11.0.6&apos;&#10;Driver info: org.openqa.selenium.chrome.ChromeDriver&#10;Capabilities {acceptInsecureCerts: false, browserName: chrome, browserVersion: 83.0.4103.61, chrome: {chromedriverVersion: 83.0.4103.39 (ccbf011cb2d2b..., userDataDir: /var/folders/vr/1c_rt64j2rs...}, goog:chromeOptions: {debuggerAddress: localhost:50406}, javascriptEnabled: true, networkConnectionEnabled: false, pageLoadStrategy: normal, platform: MAC, platformName: MAC, proxy: Proxy(), setWindowRect: true, strictFileInteractability: false, timeouts: {implicit: 0, pageLoad: 300000, script: 30000}, unhandledPromptBehavior: dismiss and notify, webauthn:virtualAuthenticators: true}&#10;Session ID: bbb11fdd9eb1b2ae9f8ab35a81581cbf&#10;*** Element info: {Using=css selector, value=#twotabsearchtextbox}" type="org.openqa.selenium.NoSuchElementException"><![CDATA[org.openqa.selenium.NoSuchElementException: 
no such element: Unable to locate element: {"method":"css selector","selector":"#twotabsearchtextbox"}
  (Session info: chrome=83.0.4103.61)
For documentation on this error, please visit: https://www.seleniumhq.org/exceptions/no_such_element.html
Build info: version: '3.141.59', revision: 'e82be7d358', time: '2018-11-14T08:17:03'
System info: host: 'hakims-MBP.home', ip: 'fd4b:8d38:69ba:1:e4d6:cc3e:335f:1329%en0', os.name: 'Mac OS X', os.arch: 'x86_64', os.version: '10.15.2', java.version: '11.0.6'
Driver info: org.openqa.selenium.chrome.ChromeDriver
Capabilities {acceptInsecureCerts: false, browserName: chrome, browserVersion: 83.0.4103.61, chrome: {chromedriverVersion: 83.0.4103.39 (ccbf011cb2d2b..., userDataDir: /var/folders/vr/1c_rt64j2rs...}, goog:chromeOptions: {debuggerAddress: localhost:50406}, javascriptEnabled: true, networkConnectionEnabled: false, pageLoadStrategy: normal, platform: MAC, platformName: MAC, proxy: Proxy(), setWindowRect: true, strictFileInteractability: false, timeouts: {implicit: 0, pageLoad: 300000, script: 30000}, unhandledPromptBehavior: dismiss and notify, webauthn:virtualAuthenticators: true}
Session ID: bbb11fdd9eb1b2ae9f8ab35a81581cbf
*** Element info: {Using=css selector, value=#twotabsearchtextbox}
	at testHome.TestHomePage.searchField(TestHomePage.java:29)
]]></failure>
    <system-out><![CDATA[...
... TestNG 7.0.1 by CÃ©dric Beust (cedric@beust.com)
...

Extent Report Directory/Users/hakimbouaraba/IdeaProjects/AutomationFramework_Team4/Amazon/target/surefire-reports/html
]]></system-out>
    <system-err><![CDATA[Jun 06, 2020 5:49:09 PM com.relevantcodes.extentreports.ExtentReports loadConfig
WARNING: Unable to perform report configuration. The file /Users/hakimbouaraba/IdeaProjects/AutomationFramework_Team4/Amazon/report-config.xml was not found.
Starting ChromeDriver 83.0.4103.39 (ccbf011cb2d2b19b506d844400483861342c20cd-refs/branch-heads/4103@{#416}) on port 1517
Only local connections are allowed.
Please see https://chromedriver.chromium.org/security-considerations for suggestions on keeping ChromeDriver safe.
ChromeDriver was started successfully.
Jun 06, 2020 5:49:10 PM org.openqa.selenium.remote.ProtocolHandshake createSession
INFO: Detected dialect: W3C
]]></system-err>
  </testcase>
</testsuite>